<?xml version="1.0" encoding="UTF-8"?>
<coverage generated="1564155047270" clover="3.2.0">
  <project timestamp="1564155047270" name="All files">
    <metrics statements="135" coveredstatements="118" conditionals="34" coveredconditionals="23" methods="40" coveredmethods="35" elements="209" coveredelements="176" complexity="0" loc="135" ncloc="135" packages="5" files="13" classes="13"/>
    <package name="__tests__.helpers">
      <metrics statements="10" coveredstatements="10" conditionals="0" coveredconditionals="0" methods="1" coveredmethods="1"/>
      <file name="helperFunctions.js" path="/Users/jeremy/Desktop/RocketWatcher/__tests__/helpers/helperFunctions.js">
        <metrics statements="3" coveredstatements="3" conditionals="0" coveredconditionals="0" methods="1" coveredmethods="1"/>
        <line num="12" count="2" type="stmt"/>
        <line num="13" count="10" type="stmt"/>
        <line num="14" count="10" type="stmt"/>
      </file>
      <file name="launchResponses.js" path="/Users/jeremy/Desktop/RocketWatcher/__tests__/helpers/launchResponses.js">
        <metrics statements="3" coveredstatements="3" conditionals="0" coveredconditionals="0" methods="0" coveredmethods="0"/>
        <line num="2" count="2" type="stmt"/>
        <line num="691" count="2" type="stmt"/>
        <line num="1375" count="2" type="stmt"/>
      </file>
      <file name="newsResponses.js" path="/Users/jeremy/Desktop/RocketWatcher/__tests__/helpers/newsResponses.js">
        <metrics statements="4" coveredstatements="4" conditionals="0" coveredconditionals="0" methods="0" coveredmethods="0"/>
        <line num="2" count="2" type="stmt"/>
        <line num="164" count="2" type="stmt"/>
        <line num="314" count="2" type="stmt"/>
        <line num="372" count="2" type="stmt"/>
      </file>
    </package>
    <package name="redux">
      <metrics statements="4" coveredstatements="2" conditionals="3" coveredconditionals="2" methods="1" coveredmethods="0"/>
      <file name="store.js" path="/Users/jeremy/Desktop/RocketWatcher/redux/store.js">
        <metrics statements="4" coveredstatements="2" conditionals="3" coveredconditionals="2" methods="1" coveredmethods="0"/>
        <line num="4" count="2" type="stmt"/>
        <line num="5" count="2" type="cond" truecount="2" falsecount="0"/>
        <line num="9" count="0" type="stmt"/>
        <line num="15" count="0" type="stmt"/>
      </file>
    </package>
    <package name="redux.actions">
      <metrics statements="42" coveredstatements="40" conditionals="8" coveredconditionals="6" methods="10" coveredmethods="10"/>
      <file name="actionTypes.js" path="/Users/jeremy/Desktop/RocketWatcher/redux/actions/actionTypes.js">
        <metrics statements="7" coveredstatements="7" conditionals="0" coveredconditionals="0" methods="0" coveredmethods="0"/>
        <line num="2" count="2" type="stmt"/>
        <line num="3" count="2" type="stmt"/>
        <line num="5" count="2" type="stmt"/>
        <line num="6" count="2" type="stmt"/>
        <line num="8" count="2" type="stmt"/>
        <line num="10" count="2" type="stmt"/>
        <line num="12" count="2" type="stmt"/>
      </file>
      <file name="launchesActions.js" path="/Users/jeremy/Desktop/RocketWatcher/redux/actions/launchesActions.js">
        <metrics statements="17" coveredstatements="16" conditionals="4" coveredconditionals="3" methods="5" coveredmethods="5"/>
        <line num="10" count="1" type="stmt"/>
        <line num="11" count="5" type="stmt"/>
        <line num="12" count="5" type="stmt"/>
        <line num="15" count="2" type="cond" truecount="1" falsecount="1"/>
        <line num="16" count="2" type="stmt"/>
        <line num="19" count="0" type="stmt"/>
        <line num="23" count="3" type="stmt"/>
        <line num="29" count="2" type="stmt"/>
        <line num="30" count="2" type="stmt"/>
        <line num="31" count="2" type="stmt"/>
        <line num="37" count="3" type="stmt"/>
        <line num="38" count="3" type="stmt"/>
        <line num="39" count="3" type="stmt"/>
        <line num="40" count="3" type="stmt"/>
        <line num="43" count="3" type="cond" truecount="2" falsecount="0"/>
        <line num="45" count="2" type="stmt"/>
        <line num="50" count="1" type="stmt"/>
      </file>
      <file name="newsActions.js" path="/Users/jeremy/Desktop/RocketWatcher/redux/actions/newsActions.js">
        <metrics statements="18" coveredstatements="17" conditionals="4" coveredconditionals="3" methods="5" coveredmethods="5"/>
        <line num="10" count="1" type="stmt"/>
        <line num="12" count="5" type="stmt"/>
        <line num="13" count="5" type="stmt"/>
        <line num="16" count="2" type="cond" truecount="1" falsecount="1"/>
        <line num="17" count="2" type="stmt"/>
        <line num="20" count="0" type="stmt"/>
        <line num="24" count="3" type="stmt"/>
        <line num="30" count="2" type="stmt"/>
        <line num="31" count="2" type="stmt"/>
        <line num="32" count="2" type="stmt"/>
        <line num="38" count="3" type="stmt"/>
        <line num="39" count="3" type="stmt"/>
        <line num="40" count="3" type="stmt"/>
        <line num="41" count="3" type="stmt"/>
        <line num="42" count="3" type="stmt"/>
        <line num="45" count="3" type="cond" truecount="2" falsecount="0"/>
        <line num="47" count="2" type="stmt"/>
        <line num="52" count="1" type="stmt"/>
      </file>
    </package>
    <package name="redux.reducers">
      <metrics statements="16" coveredstatements="13" conditionals="13" coveredconditionals="10" methods="3" coveredmethods="3"/>
      <file name="index.js" path="/Users/jeremy/Desktop/RocketWatcher/redux/reducers/index.js">
        <metrics statements="0" coveredstatements="0" conditionals="0" coveredconditionals="0" methods="0" coveredmethods="0"/>
      </file>
      <file name="launchesReducer.js" path="/Users/jeremy/Desktop/RocketWatcher/redux/reducers/launchesReducer.js">
        <metrics statements="5" coveredstatements="5" conditionals="4" coveredconditionals="4" methods="1" coveredmethods="1"/>
        <line num="6" count="2" type="stmt"/>
        <line num="11" count="24" type="cond" truecount="3" falsecount="0"/>
        <line num="14" count="2" type="stmt"/>
        <line num="20" count="3" type="stmt"/>
        <line num="26" count="19" type="stmt"/>
      </file>
      <file name="newsReducer.js" path="/Users/jeremy/Desktop/RocketWatcher/redux/reducers/newsReducer.js">
        <metrics statements="5" coveredstatements="5" conditionals="4" coveredconditionals="4" methods="1" coveredmethods="1"/>
        <line num="6" count="2" type="stmt"/>
        <line num="11" count="24" type="cond" truecount="3" falsecount="0"/>
        <line num="14" count="2" type="stmt"/>
        <line num="20" count="3" type="stmt"/>
        <line num="26" count="19" type="stmt"/>
      </file>
      <file name="notificationReducer.js" path="/Users/jeremy/Desktop/RocketWatcher/redux/reducers/notificationReducer.js">
        <metrics statements="6" coveredstatements="3" conditionals="5" coveredconditionals="2" methods="1" coveredmethods="1"/>
        <line num="7" count="2" type="stmt"/>
        <line num="12" count="24" type="cond" truecount="1" falsecount="3"/>
        <line num="15" count="0" type="stmt"/>
        <line num="21" count="0" type="stmt"/>
        <line num="27" count="0" type="stmt"/>
        <line num="33" count="24" type="stmt"/>
      </file>
    </package>
    <package name="screens.Components">
      <metrics statements="63" coveredstatements="53" conditionals="10" coveredconditionals="5" methods="25" coveredmethods="21"/>
      <file name="LaunchList.js" path="/Users/jeremy/Desktop/RocketWatcher/screens/Components/LaunchList.js">
        <metrics statements="36" coveredstatements="28" conditionals="4" coveredconditionals="2" methods="14" coveredmethods="11"/>
        <line num="11" count="5" type="stmt"/>
        <line num="12" count="5" type="stmt"/>
        <line num="24" count="25" type="stmt"/>
        <line num="26" count="5" type="stmt"/>
        <line num="28" count="1" type="stmt"/>
        <line num="31" count="5" type="stmt"/>
        <line num="32" count="0" type="stmt"/>
        <line num="35" count="5" type="stmt"/>
        <line num="36" count="25" type="stmt"/>
        <line num="47" count="5" type="stmt"/>
        <line num="50" count="5" type="stmt"/>
        <line num="51" count="1" type="stmt"/>
        <line num="55" count="1" type="stmt"/>
        <line num="59" count="0" type="cond" truecount="0" falsecount="2"/>
        <line num="60" count="0" type="stmt"/>
        <line num="67" count="5" type="stmt"/>
        <line num="88" count="25" type="stmt"/>
        <line num="89" count="25" type="stmt"/>
        <line num="94" count="25" type="stmt"/>
        <line num="95" count="1" type="stmt"/>
        <line num="98" count="25" type="stmt"/>
        <line num="99" count="0" type="stmt"/>
        <line num="103" count="25" type="stmt"/>
        <line num="104" count="0" type="stmt"/>
        <line num="105" count="0" type="stmt"/>
        <line num="106" count="0" type="stmt"/>
        <line num="107" count="0" type="stmt"/>
        <line num="114" count="25" type="stmt"/>
        <line num="129" count="1" type="stmt"/>
        <line num="140" count="1" type="stmt"/>
        <line num="151" count="1" type="stmt"/>
        <line num="155" count="1" type="stmt"/>
        <line num="159" count="1" type="stmt"/>
        <line num="162" count="1" type="stmt"/>
        <line num="171" count="1" type="stmt"/>
        <line num="180" count="1" type="stmt"/>
      </file>
      <file name="NewsList.js" path="/Users/jeremy/Desktop/RocketWatcher/screens/Components/NewsList.js">
        <metrics statements="27" coveredstatements="25" conditionals="6" coveredconditionals="3" methods="11" coveredmethods="10"/>
        <line num="8" count="5" type="stmt"/>
        <line num="9" count="5" type="stmt"/>
        <line num="22" count="25" type="stmt"/>
        <line num="24" count="5" type="stmt"/>
        <line num="25" count="1" type="stmt"/>
        <line num="28" count="5" type="stmt"/>
        <line num="31" count="5" type="stmt"/>
        <line num="32" count="1" type="stmt"/>
        <line num="36" count="1" type="stmt"/>
        <line num="41" count="5" type="stmt"/>
        <line num="42" count="25" type="stmt"/>
        <line num="43" count="25" type="stmt"/>
        <line num="44" count="25" type="stmt"/>
        <line num="45" count="25" type="cond" truecount="1" falsecount="1"/>
        <line num="47" count="25" type="stmt"/>
        <line num="59" count="0" type="cond" truecount="0" falsecount="2"/>
        <line num="60" count="0" type="stmt"/>
        <line num="67" count="5" type="stmt"/>
        <line num="91" count="25" type="stmt"/>
        <line num="94" count="25" type="stmt"/>
        <line num="95" count="1" type="stmt"/>
        <line num="99" count="25" type="stmt"/>
        <line num="114" count="1" type="stmt"/>
        <line num="125" count="1" type="stmt"/>
        <line num="130" count="1" type="stmt"/>
        <line num="133" count="1" type="stmt"/>
        <line num="145" count="1" type="stmt"/>
      </file>
    </package>
  </project>
</coverage>
