{"/Users/jeremy/Desktop/RocketWatcher/__tests__/helpers/helperFunctions.js": {"path":"/Users/jeremy/Desktop/RocketWatcher/__tests__/helpers/helperFunctions.js","statementMap":{"0":{"start":{"line":12,"column":28},"end":{"line":15,"column":1}},"1":{"start":{"line":13,"column":38},"end":{"line":13,"column":81}},"2":{"start":{"line":14,"column":4},"end":{"line":14,"column":64}}},"fnMap":{"0":{"name":"(anonymous_0)","decl":{"start":{"line":12,"column":28},"end":{"line":12,"column":29}},"loc":{"start":{"line":12,"column":46},"end":{"line":15,"column":1}},"line":12}},"branchMap":{},"s":{"0":2,"1":10,"2":10},"f":{"0":10},"b":{},"_coverageSchema":"43e27e138ebf9cfc5966b082cf9a028302ed4184","hash":"fa36021814aad5eff72d75a7c1fbfb164e0bf073"}
,"/Users/jeremy/Desktop/RocketWatcher/__tests__/helpers/launchResponses.js": {"path":"/Users/jeremy/Desktop/RocketWatcher/__tests__/helpers/launchResponses.js","statementMap":{"0":{"start":{"line":2,"column":33},"end":{"line":687,"column":1}},"1":{"start":{"line":691,"column":26},"end":{"line":1371,"column":1}},"2":{"start":{"line":1375,"column":33},"end":{"line":1382,"column":2}}},"fnMap":{},"branchMap":{},"s":{"0":2,"1":2,"2":2},"f":{},"b":{},"_coverageSchema":"43e27e138ebf9cfc5966b082cf9a028302ed4184","hash":"9250f4375c4dd2abda5fcf2985c6270e7f96d5f2"}
,"/Users/jeremy/Desktop/RocketWatcher/__tests__/helpers/newsResponses.js": {"path":"/Users/jeremy/Desktop/RocketWatcher/__tests__/helpers/newsResponses.js","statementMap":{"0":{"start":{"line":2,"column":31},"end":{"line":161,"column":1}},"1":{"start":{"line":164,"column":28},"end":{"line":312,"column":1}},"2":{"start":{"line":314,"column":24},"end":{"line":370,"column":3}},"3":{"start":{"line":372,"column":31},"end":{"line":376,"column":20}}},"fnMap":{},"branchMap":{},"s":{"0":2,"1":2,"2":2,"3":2},"f":{},"b":{},"_coverageSchema":"43e27e138ebf9cfc5966b082cf9a028302ed4184","hash":"9472d791b5bca7afa1f99a17f1d75d46640fd94e"}
,"/Users/jeremy/Desktop/RocketWatcher/redux/store.js": {"path":"/Users/jeremy/Desktop/RocketWatcher/redux/store.js","statementMap":{"0":{"start":{"line":4,"column":26},"end":{"line":4,"column":33}},"1":{"start":{"line":5,"column":25},"end":{"line":5,"column":79}},"2":{"start":{"line":9,"column":18},"end":{"line":13,"column":5}},"3":{"start":{"line":15,"column":0},"end":{"line":15,"column":13}}},"fnMap":{"0":{"name":"(anonymous_0)","decl":{"start":{"line":7,"column":15},"end":{"line":7,"column":16}},"loc":{"start":{"line":7,"column":39},"end":{"line":16,"column":1}},"line":7}},"branchMap":{"0":{"loc":{"start":{"line":5,"column":25},"end":{"line":5,"column":79}},"type":"binary-expr","locations":[{"start":{"line":5,"column":25},"end":{"line":5,"column":68}},{"start":{"line":5,"column":72},"end":{"line":5,"column":79}}],"line":5},"1":{"loc":{"start":{"line":7,"column":16},"end":{"line":7,"column":34}},"type":"default-arg","locations":[{"start":{"line":7,"column":31},"end":{"line":7,"column":34}}],"line":7}},"s":{"0":2,"1":2,"2":0,"3":0},"f":{"0":0},"b":{"0":[2,2],"1":[0]},"_coverageSchema":"43e27e138ebf9cfc5966b082cf9a028302ed4184","hash":"8fb18032b4a7fec18e6c106c09fa40c256fc47db"}
,"/Users/jeremy/Desktop/RocketWatcher/redux/actions/actionTypes.js": {"path":"/Users/jeremy/Desktop/RocketWatcher/redux/actions/actionTypes.js","statementMap":{"0":{"start":{"line":2,"column":27},"end":{"line":2,"column":40}},"1":{"start":{"line":3,"column":30},"end":{"line":3,"column":46}},"2":{"start":{"line":5,"column":31},"end":{"line":5,"column":48}},"3":{"start":{"line":6,"column":34},"end":{"line":6,"column":54}},"4":{"start":{"line":8,"column":33},"end":{"line":8,"column":52}},"5":{"start":{"line":10,"column":32},"end":{"line":10,"column":50}},"6":{"start":{"line":12,"column":35},"end":{"line":12,"column":56}}},"fnMap":{},"branchMap":{},"s":{"0":2,"1":2,"2":2,"3":2,"4":2,"5":2,"6":2},"f":{},"b":{},"_coverageSchema":"43e27e138ebf9cfc5966b082cf9a028302ed4184","hash":"13bb032b752c2a3c8294210246b0e75626599536"}
,"/Users/jeremy/Desktop/RocketWatcher/redux/actions/launchesActions.js": {"path":"/Users/jeremy/Desktop/RocketWatcher/redux/actions/launchesActions.js","statementMap":{"0":{"start":{"line":10,"column":31},"end":{"line":27,"column":1}},"1":{"start":{"line":11,"column":4},"end":{"line":24,"column":5}},"2":{"start":{"line":12,"column":28},"end":{"line":14,"column":9}},"3":{"start":{"line":15,"column":8},"end":{"line":20,"column":9}},"4":{"start":{"line":16,"column":12},"end":{"line":16,"column":45}},"5":{"start":{"line":19,"column":12},"end":{"line":19,"column":22}},"6":{"start":{"line":23,"column":8},"end":{"line":23,"column":18}},"7":{"start":{"line":29,"column":30},"end":{"line":35,"column":1}},"8":{"start":{"line":29,"column":36},"end":{"line":35,"column":1}},"9":{"start":{"line":30,"column":19},"end":{"line":30,"column":43}},"10":{"start":{"line":31,"column":2},"end":{"line":34,"column":5}},"11":{"start":{"line":37,"column":32},"end":{"line":55,"column":1}},"12":{"start":{"line":37,"column":46},"end":{"line":55,"column":1}},"13":{"start":{"line":38,"column":22},"end":{"line":38,"column":37}},"14":{"start":{"line":39,"column":22},"end":{"line":39,"column":56}},"15":{"start":{"line":40,"column":28},"end":{"line":40,"column":56}},"16":{"start":{"line":43,"column":2},"end":{"line":54,"column":3}},"17":{"start":{"line":45,"column":4},"end":{"line":48,"column":7}},"18":{"start":{"line":50,"column":4},"end":{"line":53,"column":7}}},"fnMap":{"0":{"name":"(anonymous_0)","decl":{"start":{"line":10,"column":31},"end":{"line":10,"column":32}},"loc":{"start":{"line":10,"column":49},"end":{"line":27,"column":1}},"line":10},"1":{"name":"(anonymous_1)","decl":{"start":{"line":29,"column":30},"end":{"line":29,"column":31}},"loc":{"start":{"line":29,"column":36},"end":{"line":35,"column":1}},"line":29},"2":{"name":"(anonymous_2)","decl":{"start":{"line":29,"column":36},"end":{"line":29,"column":37}},"loc":{"start":{"line":29,"column":54},"end":{"line":35,"column":1}},"line":29},"3":{"name":"(anonymous_3)","decl":{"start":{"line":37,"column":32},"end":{"line":37,"column":33}},"loc":{"start":{"line":37,"column":46},"end":{"line":55,"column":1}},"line":37},"4":{"name":"(anonymous_4)","decl":{"start":{"line":37,"column":46},"end":{"line":37,"column":47}},"loc":{"start":{"line":37,"column":64},"end":{"line":55,"column":1}},"line":37}},"branchMap":{"0":{"loc":{"start":{"line":15,"column":8},"end":{"line":20,"column":9}},"type":"if","locations":[{"start":{"line":15,"column":8},"end":{"line":20,"column":9}},{"start":{"line":15,"column":8},"end":{"line":20,"column":9}}],"line":15},"1":{"loc":{"start":{"line":43,"column":2},"end":{"line":54,"column":3}},"type":"if","locations":[{"start":{"line":43,"column":2},"end":{"line":54,"column":3}},{"start":{"line":43,"column":2},"end":{"line":54,"column":3}}],"line":43}},"s":{"0":1,"1":5,"2":5,"3":2,"4":2,"5":0,"6":3,"7":1,"8":2,"9":2,"10":2,"11":1,"12":3,"13":3,"14":3,"15":3,"16":3,"17":2,"18":1},"f":{"0":5,"1":2,"2":2,"3":3,"4":3},"b":{"0":[2,0],"1":[2,1]},"_coverageSchema":"43e27e138ebf9cfc5966b082cf9a028302ed4184","hash":"cb7dce3840321c610e186c33dd1c24d01ed5ad11"}
,"/Users/jeremy/Desktop/RocketWatcher/redux/actions/newsActions.js": {"path":"/Users/jeremy/Desktop/RocketWatcher/redux/actions/newsActions.js","statementMap":{"0":{"start":{"line":10,"column":27},"end":{"line":28,"column":1}},"1":{"start":{"line":12,"column":4},"end":{"line":25,"column":5}},"2":{"start":{"line":13,"column":28},"end":{"line":15,"column":9}},"3":{"start":{"line":16,"column":8},"end":{"line":21,"column":9}},"4":{"start":{"line":17,"column":12},"end":{"line":17,"column":41}},"5":{"start":{"line":20,"column":12},"end":{"line":20,"column":22}},"6":{"start":{"line":24,"column":8},"end":{"line":24,"column":18}},"7":{"start":{"line":30,"column":26},"end":{"line":36,"column":1}},"8":{"start":{"line":30,"column":32},"end":{"line":36,"column":1}},"9":{"start":{"line":31,"column":15},"end":{"line":31,"column":35}},"10":{"start":{"line":32,"column":2},"end":{"line":35,"column":5}},"11":{"start":{"line":38,"column":28},"end":{"line":57,"column":1}},"12":{"start":{"line":38,"column":38},"end":{"line":57,"column":1}},"13":{"start":{"line":39,"column":19},"end":{"line":39,"column":30}},"14":{"start":{"line":40,"column":15},"end":{"line":40,"column":39}},"15":{"start":{"line":41,"column":22},"end":{"line":41,"column":49}},"16":{"start":{"line":42,"column":18},"end":{"line":42,"column":42}},"17":{"start":{"line":45,"column":2},"end":{"line":56,"column":3}},"18":{"start":{"line":47,"column":4},"end":{"line":50,"column":7}},"19":{"start":{"line":52,"column":4},"end":{"line":55,"column":7}}},"fnMap":{"0":{"name":"(anonymous_0)","decl":{"start":{"line":10,"column":27},"end":{"line":10,"column":28}},"loc":{"start":{"line":10,"column":43},"end":{"line":28,"column":1}},"line":10},"1":{"name":"(anonymous_1)","decl":{"start":{"line":30,"column":26},"end":{"line":30,"column":27}},"loc":{"start":{"line":30,"column":32},"end":{"line":36,"column":1}},"line":30},"2":{"name":"(anonymous_2)","decl":{"start":{"line":30,"column":32},"end":{"line":30,"column":33}},"loc":{"start":{"line":30,"column":50},"end":{"line":36,"column":1}},"line":30},"3":{"name":"(anonymous_3)","decl":{"start":{"line":38,"column":28},"end":{"line":38,"column":29}},"loc":{"start":{"line":38,"column":38},"end":{"line":57,"column":1}},"line":38},"4":{"name":"(anonymous_4)","decl":{"start":{"line":38,"column":38},"end":{"line":38,"column":39}},"loc":{"start":{"line":38,"column":56},"end":{"line":57,"column":1}},"line":38}},"branchMap":{"0":{"loc":{"start":{"line":16,"column":8},"end":{"line":21,"column":9}},"type":"if","locations":[{"start":{"line":16,"column":8},"end":{"line":21,"column":9}},{"start":{"line":16,"column":8},"end":{"line":21,"column":9}}],"line":16},"1":{"loc":{"start":{"line":45,"column":2},"end":{"line":56,"column":3}},"type":"if","locations":[{"start":{"line":45,"column":2},"end":{"line":56,"column":3}},{"start":{"line":45,"column":2},"end":{"line":56,"column":3}}],"line":45}},"s":{"0":1,"1":5,"2":5,"3":2,"4":2,"5":0,"6":3,"7":1,"8":2,"9":2,"10":2,"11":1,"12":3,"13":3,"14":3,"15":3,"16":3,"17":3,"18":2,"19":1},"f":{"0":5,"1":2,"2":2,"3":3,"4":3},"b":{"0":[2,0],"1":[2,1]},"_coverageSchema":"43e27e138ebf9cfc5966b082cf9a028302ed4184","hash":"6db1c9104b7d72d7e6d14e0789f682b904cb878f"}
,"/Users/jeremy/Desktop/RocketWatcher/redux/reducers/index.js": {"path":"/Users/jeremy/Desktop/RocketWatcher/redux/reducers/index.js","statementMap":{},"fnMap":{},"branchMap":{},"s":{},"f":{},"b":{},"_coverageSchema":"43e27e138ebf9cfc5966b082cf9a028302ed4184","hash":"f03f5c7f34007b42a724e45c59f14aea159f7e63"}
,"/Users/jeremy/Desktop/RocketWatcher/redux/reducers/launchesReducer.js": {"path":"/Users/jeremy/Desktop/RocketWatcher/redux/reducers/launchesReducer.js","statementMap":{"0":{"start":{"line":6,"column":23},"end":{"line":8,"column":5}},"1":{"start":{"line":11,"column":8},"end":{"line":27,"column":9}},"2":{"start":{"line":14,"column":12},"end":{"line":17,"column":13}},"3":{"start":{"line":20,"column":12},"end":{"line":23,"column":13}},"4":{"start":{"line":26,"column":12},"end":{"line":26,"column":24}}},"fnMap":{"0":{"name":"(anonymous_0)","decl":{"start":{"line":10,"column":19},"end":{"line":10,"column":20}},"loc":{"start":{"line":10,"column":53},"end":{"line":28,"column":5}},"line":10}},"branchMap":{"0":{"loc":{"start":{"line":10,"column":20},"end":{"line":10,"column":40}},"type":"default-arg","locations":[{"start":{"line":10,"column":28},"end":{"line":10,"column":40}}],"line":10},"1":{"loc":{"start":{"line":11,"column":8},"end":{"line":27,"column":9}},"type":"switch","locations":[{"start":{"line":13,"column":8},"end":{"line":17,"column":13}},{"start":{"line":19,"column":8},"end":{"line":23,"column":13}},{"start":{"line":25,"column":8},"end":{"line":26,"column":24}}],"line":11}},"s":{"0":2,"1":24,"2":2,"3":3,"4":19},"f":{"0":24},"b":{"0":[14],"1":[2,3,19]},"_coverageSchema":"43e27e138ebf9cfc5966b082cf9a028302ed4184","hash":"27a33241c20564ec750fc9f4d61798243d2d4f9a"}
,"/Users/jeremy/Desktop/RocketWatcher/redux/reducers/newsReducer.js": {"path":"/Users/jeremy/Desktop/RocketWatcher/redux/reducers/newsReducer.js","statementMap":{"0":{"start":{"line":6,"column":19},"end":{"line":8,"column":1}},"1":{"start":{"line":11,"column":4},"end":{"line":27,"column":5}},"2":{"start":{"line":14,"column":8},"end":{"line":17,"column":9}},"3":{"start":{"line":20,"column":8},"end":{"line":23,"column":9}},"4":{"start":{"line":26,"column":8},"end":{"line":26,"column":20}}},"fnMap":{"0":{"name":"(anonymous_0)","decl":{"start":{"line":10,"column":15},"end":{"line":10,"column":16}},"loc":{"start":{"line":10,"column":49},"end":{"line":28,"column":1}},"line":10}},"branchMap":{"0":{"loc":{"start":{"line":10,"column":16},"end":{"line":10,"column":36}},"type":"default-arg","locations":[{"start":{"line":10,"column":24},"end":{"line":10,"column":36}}],"line":10},"1":{"loc":{"start":{"line":11,"column":4},"end":{"line":27,"column":5}},"type":"switch","locations":[{"start":{"line":13,"column":4},"end":{"line":17,"column":9}},{"start":{"line":19,"column":4},"end":{"line":23,"column":9}},{"start":{"line":25,"column":4},"end":{"line":26,"column":20}}],"line":11}},"s":{"0":2,"1":24,"2":2,"3":3,"4":19},"f":{"0":24},"b":{"0":[14],"1":[2,3,19]},"_coverageSchema":"43e27e138ebf9cfc5966b082cf9a028302ed4184","hash":"eb1770e0bdb367e7df1fe3757fec1079c002d8ec"}
,"/Users/jeremy/Desktop/RocketWatcher/redux/reducers/notificationReducer.js": {"path":"/Users/jeremy/Desktop/RocketWatcher/redux/reducers/notificationReducer.js","statementMap":{"0":{"start":{"line":7,"column":19},"end":{"line":9,"column":1}},"1":{"start":{"line":12,"column":4},"end":{"line":34,"column":5}},"2":{"start":{"line":15,"column":12},"end":{"line":18,"column":13}},"3":{"start":{"line":21,"column":12},"end":{"line":24,"column":13}},"4":{"start":{"line":27,"column":12},"end":{"line":30,"column":13}},"5":{"start":{"line":33,"column":12},"end":{"line":33,"column":24}}},"fnMap":{"0":{"name":"(anonymous_0)","decl":{"start":{"line":11,"column":15},"end":{"line":11,"column":16}},"loc":{"start":{"line":11,"column":49},"end":{"line":35,"column":1}},"line":11}},"branchMap":{"0":{"loc":{"start":{"line":11,"column":16},"end":{"line":11,"column":36}},"type":"default-arg","locations":[{"start":{"line":11,"column":24},"end":{"line":11,"column":36}}],"line":11},"1":{"loc":{"start":{"line":12,"column":4},"end":{"line":34,"column":5}},"type":"switch","locations":[{"start":{"line":14,"column":8},"end":{"line":18,"column":13}},{"start":{"line":20,"column":8},"end":{"line":24,"column":13}},{"start":{"line":26,"column":8},"end":{"line":30,"column":13}},{"start":{"line":32,"column":8},"end":{"line":33,"column":24}}],"line":12}},"s":{"0":2,"1":24,"2":0,"3":0,"4":0,"5":24},"f":{"0":24},"b":{"0":[14],"1":[0,0,0,24]},"_coverageSchema":"43e27e138ebf9cfc5966b082cf9a028302ed4184","hash":"2058693a18e6b6b59d84727f9611f2a775f79122"}
,"/Users/jeremy/Desktop/RocketWatcher/screens/Components/LaunchList.js": {"path":"/Users/jeremy/Desktop/RocketWatcher/screens/Components/LaunchList.js","statementMap":{"0":{"start":{"line":11,"column":8},"end":{"line":11,"column":21}},"1":{"start":{"line":12,"column":8},"end":{"line":22,"column":9}},"2":{"start":{"line":24,"column":20},"end":{"line":24,"column":55}},"3":{"start":{"line":24,"column":37},"end":{"line":24,"column":55}},"4":{"start":{"line":26,"column":19},"end":{"line":29,"column":5}},"5":{"start":{"line":28,"column":8},"end":{"line":28,"column":37}},"6":{"start":{"line":31,"column":27},"end":{"line":33,"column":5}},"7":{"start":{"line":32,"column":8},"end":{"line":32,"column":43}},"8":{"start":{"line":35,"column":18},"end":{"line":44,"column":5}},"9":{"start":{"line":36,"column":8},"end":{"line":43,"column":10}},"10":{"start":{"line":47,"column":16},"end":{"line":47,"column":43}},"11":{"start":{"line":47,"column":22},"end":{"line":47,"column":43}},"12":{"start":{"line":50,"column":15},"end":{"line":56,"column":5}},"13":{"start":{"line":51,"column":8},"end":{"line":53,"column":10}},"14":{"start":{"line":55,"column":8},"end":{"line":55,"column":29}},"15":{"start":{"line":59,"column":8},"end":{"line":63,"column":9}},"16":{"start":{"line":60,"column":12},"end":{"line":62,"column":14}},"17":{"start":{"line":67,"column":8},"end":{"line":81,"column":9}},"18":{"start":{"line":88,"column":8},"end":{"line":88,"column":21}},"19":{"start":{"line":89,"column":8},"end":{"line":91,"column":9}},"20":{"start":{"line":94,"column":19},"end":{"line":96,"column":5}},"21":{"start":{"line":95,"column":8},"end":{"line":95,"column":46}},"22":{"start":{"line":98,"column":27},"end":{"line":100,"column":5}},"23":{"start":{"line":99,"column":8},"end":{"line":99,"column":54}},"24":{"start":{"line":103,"column":23},"end":{"line":103,"column":53}},"25":{"start":{"line":104,"column":19},"end":{"line":104,"column":42}},"26":{"start":{"line":105,"column":24},"end":{"line":105,"column":41}},"27":{"start":{"line":106,"column":28},"end":{"line":106,"column":77}},"28":{"start":{"line":107,"column":8},"end":{"line":109,"column":13}},"29":{"start":{"line":114,"column":8},"end":{"line":124,"column":9}},"30":{"start":{"line":129,"column":13},"end":{"line":137,"column":1}},"31":{"start":{"line":140,"column":17},"end":{"line":149,"column":1}},"32":{"start":{"line":151,"column":18},"end":{"line":153,"column":1}},"33":{"start":{"line":155,"column":20},"end":{"line":157,"column":1}},"34":{"start":{"line":159,"column":13},"end":{"line":160,"column":1}},"35":{"start":{"line":162,"column":19},"end":{"line":169,"column":1}},"36":{"start":{"line":171,"column":23},"end":{"line":178,"column":1}},"37":{"start":{"line":180,"column":19},"end":{"line":186,"column":1}}},"fnMap":{"0":{"name":"(anonymous_0)","decl":{"start":{"line":10,"column":4},"end":{"line":10,"column":5}},"loc":{"start":{"line":10,"column":23},"end":{"line":23,"column":5}},"line":10},"1":{"name":"(anonymous_1)","decl":{"start":{"line":24,"column":20},"end":{"line":24,"column":21}},"loc":{"start":{"line":24,"column":37},"end":{"line":24,"column":55}},"line":24},"2":{"name":"(anonymous_2)","decl":{"start":{"line":26,"column":19},"end":{"line":26,"column":20}},"loc":{"start":{"line":26,"column":27},"end":{"line":29,"column":5}},"line":26},"3":{"name":"(anonymous_3)","decl":{"start":{"line":31,"column":27},"end":{"line":31,"column":28}},"loc":{"start":{"line":31,"column":35},"end":{"line":33,"column":5}},"line":31},"4":{"name":"(anonymous_4)","decl":{"start":{"line":35,"column":18},"end":{"line":35,"column":19}},"loc":{"start":{"line":36,"column":8},"end":{"line":43,"column":10}},"line":36},"5":{"name":"(anonymous_5)","decl":{"start":{"line":47,"column":16},"end":{"line":47,"column":17}},"loc":{"start":{"line":47,"column":22},"end":{"line":47,"column":43}},"line":47},"6":{"name":"(anonymous_6)","decl":{"start":{"line":50,"column":15},"end":{"line":50,"column":16}},"loc":{"start":{"line":50,"column":21},"end":{"line":56,"column":5}},"line":50},"7":{"name":"(anonymous_7)","decl":{"start":{"line":58,"column":4},"end":{"line":58,"column":5}},"loc":{"start":{"line":58,"column":45},"end":{"line":64,"column":5}},"line":58},"8":{"name":"(anonymous_8)","decl":{"start":{"line":66,"column":4},"end":{"line":66,"column":5}},"loc":{"start":{"line":66,"column":13},"end":{"line":82,"column":5}},"line":66},"9":{"name":"(anonymous_9)","decl":{"start":{"line":87,"column":4},"end":{"line":87,"column":5}},"loc":{"start":{"line":87,"column":23},"end":{"line":92,"column":5}},"line":87},"10":{"name":"(anonymous_10)","decl":{"start":{"line":94,"column":19},"end":{"line":94,"column":20}},"loc":{"start":{"line":94,"column":25},"end":{"line":96,"column":5}},"line":94},"11":{"name":"(anonymous_11)","decl":{"start":{"line":98,"column":27},"end":{"line":98,"column":28}},"loc":{"start":{"line":98,"column":33},"end":{"line":100,"column":5}},"line":98},"12":{"name":"(anonymous_12)","decl":{"start":{"line":102,"column":4},"end":{"line":102,"column":5}},"loc":{"start":{"line":102,"column":29},"end":{"line":111,"column":5}},"line":102},"13":{"name":"(anonymous_13)","decl":{"start":{"line":113,"column":4},"end":{"line":113,"column":5}},"loc":{"start":{"line":113,"column":13},"end":{"line":125,"column":5}},"line":113}},"branchMap":{"0":{"loc":{"start":{"line":59,"column":8},"end":{"line":63,"column":9}},"type":"if","locations":[{"start":{"line":59,"column":8},"end":{"line":63,"column":9}},{"start":{"line":59,"column":8},"end":{"line":63,"column":9}}],"line":59},"1":{"loc":{"start":{"line":69,"column":22},"end":{"line":69,"column":91}},"type":"cond-expr","locations":[{"start":{"line":69,"column":51},"end":{"line":69,"column":66}},{"start":{"line":69,"column":69},"end":{"line":69,"column":91}}],"line":69}},"s":{"0":5,"1":5,"2":5,"3":25,"4":5,"5":1,"6":5,"7":0,"8":5,"9":25,"10":5,"11":1,"12":5,"13":1,"14":1,"15":0,"16":0,"17":5,"18":25,"19":25,"20":25,"21":1,"22":25,"23":0,"24":25,"25":0,"26":0,"27":0,"28":0,"29":25,"30":1,"31":1,"32":1,"33":1,"34":1,"35":1,"36":1,"37":1},"f":{"0":5,"1":25,"2":1,"3":0,"4":25,"5":1,"6":1,"7":0,"8":5,"9":25,"10":1,"11":0,"12":25,"13":25},"b":{"0":[0,0],"1":[4,1]},"_coverageSchema":"43e27e138ebf9cfc5966b082cf9a028302ed4184","hash":"ce761680af9c3dd92af3d118f0c99e60eb30db23"}
,"/Users/jeremy/Desktop/RocketWatcher/screens/Components/NewsList.js": {"path":"/Users/jeremy/Desktop/RocketWatcher/screens/Components/NewsList.js","statementMap":{"0":{"start":{"line":8,"column":8},"end":{"line":8,"column":21}},"1":{"start":{"line":9,"column":8},"end":{"line":18,"column":9}},"2":{"start":{"line":22,"column":20},"end":{"line":22,"column":45}},"3":{"start":{"line":22,"column":37},"end":{"line":22,"column":45}},"4":{"start":{"line":24,"column":19},"end":{"line":26,"column":5}},"5":{"start":{"line":25,"column":8},"end":{"line":25,"column":35}},"6":{"start":{"line":28,"column":16},"end":{"line":28,"column":43}},"7":{"start":{"line":28,"column":22},"end":{"line":28,"column":43}},"8":{"start":{"line":31,"column":15},"end":{"line":37,"column":5}},"9":{"start":{"line":32,"column":8},"end":{"line":34,"column":10}},"10":{"start":{"line":36,"column":8},"end":{"line":36,"column":29}},"11":{"start":{"line":41,"column":18},"end":{"line":56,"column":5}},"12":{"start":{"line":42,"column":24},"end":{"line":42,"column":51}},"13":{"start":{"line":43,"column":31},"end":{"line":43,"column":60}},"14":{"start":{"line":44,"column":31},"end":{"line":44,"column":72}},"15":{"start":{"line":45,"column":27},"end":{"line":45,"column":82}},"16":{"start":{"line":47,"column":8},"end":{"line":55,"column":9}},"17":{"start":{"line":59,"column":8},"end":{"line":63,"column":9}},"18":{"start":{"line":60,"column":12},"end":{"line":62,"column":14}},"19":{"start":{"line":67,"column":8},"end":{"line":82,"column":9}},"20":{"start":{"line":91,"column":8},"end":{"line":91,"column":21}},"21":{"start":{"line":94,"column":19},"end":{"line":96,"column":5}},"22":{"start":{"line":95,"column":8},"end":{"line":95,"column":46}},"23":{"start":{"line":99,"column":8},"end":{"line":108,"column":9}},"24":{"start":{"line":114,"column":17},"end":{"line":123,"column":1}},"25":{"start":{"line":125,"column":18},"end":{"line":127,"column":1}},"26":{"start":{"line":130,"column":13},"end":{"line":131,"column":1}},"27":{"start":{"line":133,"column":18},"end":{"line":142,"column":1}},"28":{"start":{"line":145,"column":17},"end":{"line":153,"column":1}}},"fnMap":{"0":{"name":"(anonymous_0)","decl":{"start":{"line":7,"column":4},"end":{"line":7,"column":5}},"loc":{"start":{"line":7,"column":23},"end":{"line":19,"column":5}},"line":7},"1":{"name":"(anonymous_1)","decl":{"start":{"line":22,"column":20},"end":{"line":22,"column":21}},"loc":{"start":{"line":22,"column":37},"end":{"line":22,"column":45}},"line":22},"2":{"name":"(anonymous_2)","decl":{"start":{"line":24,"column":19},"end":{"line":24,"column":20}},"loc":{"start":{"line":24,"column":27},"end":{"line":26,"column":5}},"line":24},"3":{"name":"(anonymous_3)","decl":{"start":{"line":28,"column":16},"end":{"line":28,"column":17}},"loc":{"start":{"line":28,"column":22},"end":{"line":28,"column":43}},"line":28},"4":{"name":"(anonymous_4)","decl":{"start":{"line":31,"column":15},"end":{"line":31,"column":16}},"loc":{"start":{"line":31,"column":21},"end":{"line":37,"column":5}},"line":31},"5":{"name":"(anonymous_5)","decl":{"start":{"line":41,"column":18},"end":{"line":41,"column":19}},"loc":{"start":{"line":41,"column":32},"end":{"line":56,"column":5}},"line":41},"6":{"name":"(anonymous_6)","decl":{"start":{"line":58,"column":4},"end":{"line":58,"column":5}},"loc":{"start":{"line":58,"column":45},"end":{"line":64,"column":5}},"line":58},"7":{"name":"(anonymous_7)","decl":{"start":{"line":66,"column":4},"end":{"line":66,"column":5}},"loc":{"start":{"line":66,"column":13},"end":{"line":83,"column":5}},"line":66},"8":{"name":"(anonymous_8)","decl":{"start":{"line":90,"column":4},"end":{"line":90,"column":5}},"loc":{"start":{"line":90,"column":23},"end":{"line":92,"column":5}},"line":90},"9":{"name":"(anonymous_9)","decl":{"start":{"line":94,"column":19},"end":{"line":94,"column":20}},"loc":{"start":{"line":94,"column":25},"end":{"line":96,"column":5}},"line":94},"10":{"name":"(anonymous_10)","decl":{"start":{"line":98,"column":4},"end":{"line":98,"column":5}},"loc":{"start":{"line":98,"column":13},"end":{"line":109,"column":5}},"line":98}},"branchMap":{"0":{"loc":{"start":{"line":45,"column":27},"end":{"line":45,"column":82}},"type":"cond-expr","locations":[{"start":{"line":45,"column":48},"end":{"line":45,"column":72}},{"start":{"line":45,"column":75},"end":{"line":45,"column":82}}],"line":45},"1":{"loc":{"start":{"line":59,"column":8},"end":{"line":63,"column":9}},"type":"if","locations":[{"start":{"line":59,"column":8},"end":{"line":63,"column":9}},{"start":{"line":59,"column":8},"end":{"line":63,"column":9}}],"line":59},"2":{"loc":{"start":{"line":69,"column":22},"end":{"line":69,"column":91}},"type":"cond-expr","locations":[{"start":{"line":69,"column":51},"end":{"line":69,"column":66}},{"start":{"line":69,"column":69},"end":{"line":69,"column":91}}],"line":69}},"s":{"0":5,"1":5,"2":5,"3":25,"4":5,"5":1,"6":5,"7":1,"8":5,"9":1,"10":1,"11":5,"12":25,"13":25,"14":25,"15":25,"16":25,"17":0,"18":0,"19":5,"20":25,"21":25,"22":1,"23":25,"24":1,"25":1,"26":1,"27":1,"28":1},"f":{"0":5,"1":25,"2":1,"3":1,"4":1,"5":25,"6":0,"7":5,"8":25,"9":1,"10":25},"b":{"0":[25,0],"1":[0,0],"2":[4,1]},"_coverageSchema":"43e27e138ebf9cfc5966b082cf9a028302ed4184","hash":"2c8045384fa138553fd9e648a2d957a336b9ffe0"}
}
