TN:
SF:/Users/jeremy/Desktop/RocketWatcher/__tests__/helpers/helperFunctions.js
FN:12,(anonymous_0)
FNF:1
FNH:1
FNDA:10,(anonymous_0)
DA:12,2
DA:13,10
DA:14,10
LF:3
LH:3
BRF:0
BRH:0
end_of_record
TN:
SF:/Users/jeremy/Desktop/RocketWatcher/__tests__/helpers/launchResponses.js
FNF:0
FNH:0
DA:2,2
DA:691,2
DA:1375,2
LF:3
LH:3
BRF:0
BRH:0
end_of_record
TN:
SF:/Users/jeremy/Desktop/RocketWatcher/__tests__/helpers/newsResponses.js
FNF:0
FNH:0
DA:2,2
DA:164,2
DA:314,2
DA:372,2
LF:4
LH:4
BRF:0
BRH:0
end_of_record
TN:
SF:/Users/jeremy/Desktop/RocketWatcher/redux/store.js
FN:7,(anonymous_0)
FNF:1
FNH:0
FNDA:0,(anonymous_0)
DA:4,2
DA:5,2
DA:9,0
DA:15,0
LF:4
LH:2
BRDA:5,0,0,2
BRDA:5,0,1,2
BRDA:7,1,0,0
BRF:3
BRH:2
end_of_record
TN:
SF:/Users/jeremy/Desktop/RocketWatcher/redux/actions/actionTypes.js
FNF:0
FNH:0
DA:2,2
DA:3,2
DA:5,2
DA:6,2
DA:8,2
DA:10,2
DA:12,2
LF:7
LH:7
BRF:0
BRH:0
end_of_record
TN:
SF:/Users/jeremy/Desktop/RocketWatcher/redux/actions/launchesActions.js
FN:10,(anonymous_0)
FN:29,(anonymous_1)
FN:29,(anonymous_2)
FN:37,(anonymous_3)
FN:37,(anonymous_4)
FNF:5
FNH:5
FNDA:5,(anonymous_0)
FNDA:2,(anonymous_1)
FNDA:2,(anonymous_2)
FNDA:3,(anonymous_3)
FNDA:3,(anonymous_4)
DA:10,1
DA:11,5
DA:12,5
DA:15,2
DA:16,2
DA:19,0
DA:23,3
DA:29,2
DA:30,2
DA:31,2
DA:37,3
DA:38,3
DA:39,3
DA:40,3
DA:43,3
DA:45,2
DA:50,1
LF:17
LH:16
BRDA:15,0,0,2
BRDA:15,0,1,0
BRDA:43,1,0,2
BRDA:43,1,1,1
BRF:4
BRH:3
end_of_record
TN:
SF:/Users/jeremy/Desktop/RocketWatcher/redux/actions/newsActions.js
FN:10,(anonymous_0)
FN:30,(anonymous_1)
FN:30,(anonymous_2)
FN:38,(anonymous_3)
FN:38,(anonymous_4)
FNF:5
FNH:5
FNDA:5,(anonymous_0)
FNDA:2,(anonymous_1)
FNDA:2,(anonymous_2)
FNDA:3,(anonymous_3)
FNDA:3,(anonymous_4)
DA:10,1
DA:12,5
DA:13,5
DA:16,2
DA:17,2
DA:20,0
DA:24,3
DA:30,2
DA:31,2
DA:32,2
DA:38,3
DA:39,3
DA:40,3
DA:41,3
DA:42,3
DA:45,3
DA:47,2
DA:52,1
LF:18
LH:17
BRDA:16,0,0,2
BRDA:16,0,1,0
BRDA:45,1,0,2
BRDA:45,1,1,1
BRF:4
BRH:3
end_of_record
TN:
SF:/Users/jeremy/Desktop/RocketWatcher/redux/reducers/index.js
FNF:0
FNH:0
LF:0
LH:0
BRF:0
BRH:0
end_of_record
TN:
SF:/Users/jeremy/Desktop/RocketWatcher/redux/reducers/launchesReducer.js
FN:10,(anonymous_0)
FNF:1
FNH:1
FNDA:24,(anonymous_0)
DA:6,2
DA:11,24
DA:14,2
DA:20,3
DA:26,19
LF:5
LH:5
BRDA:10,0,0,14
BRDA:11,1,0,2
BRDA:11,1,1,3
BRDA:11,1,2,19
BRF:4
BRH:4
end_of_record
TN:
SF:/Users/jeremy/Desktop/RocketWatcher/redux/reducers/newsReducer.js
FN:10,(anonymous_0)
FNF:1
FNH:1
FNDA:24,(anonymous_0)
DA:6,2
DA:11,24
DA:14,2
DA:20,3
DA:26,19
LF:5
LH:5
BRDA:10,0,0,14
BRDA:11,1,0,2
BRDA:11,1,1,3
BRDA:11,1,2,19
BRF:4
BRH:4
end_of_record
TN:
SF:/Users/jeremy/Desktop/RocketWatcher/redux/reducers/notificationReducer.js
FN:11,(anonymous_0)
FNF:1
FNH:1
FNDA:24,(anonymous_0)
DA:7,2
DA:12,24
DA:15,0
DA:21,0
DA:27,0
DA:33,24
LF:6
LH:3
BRDA:11,0,0,14
BRDA:12,1,0,0
BRDA:12,1,1,0
BRDA:12,1,2,0
BRDA:12,1,3,24
BRF:5
BRH:2
end_of_record
TN:
SF:/Users/jeremy/Desktop/RocketWatcher/screens/Components/LaunchList.js
FN:10,(anonymous_0)
FN:24,(anonymous_1)
FN:26,(anonymous_2)
FN:31,(anonymous_3)
FN:35,(anonymous_4)
FN:47,(anonymous_5)
FN:50,(anonymous_6)
FN:58,(anonymous_7)
FN:66,(anonymous_8)
FN:87,(anonymous_9)
FN:94,(anonymous_10)
FN:98,(anonymous_11)
FN:102,(anonymous_12)
FN:113,(anonymous_13)
FNF:14
FNH:11
FNDA:5,(anonymous_0)
FNDA:25,(anonymous_1)
FNDA:1,(anonymous_2)
FNDA:0,(anonymous_3)
FNDA:25,(anonymous_4)
FNDA:1,(anonymous_5)
FNDA:1,(anonymous_6)
FNDA:0,(anonymous_7)
FNDA:5,(anonymous_8)
FNDA:25,(anonymous_9)
FNDA:1,(anonymous_10)
FNDA:0,(anonymous_11)
FNDA:25,(anonymous_12)
FNDA:25,(anonymous_13)
DA:11,5
DA:12,5
DA:24,25
DA:26,5
DA:28,1
DA:31,5
DA:32,0
DA:35,5
DA:36,25
DA:47,5
DA:50,5
DA:51,1
DA:55,1
DA:59,0
DA:60,0
DA:67,5
DA:88,25
DA:89,25
DA:94,25
DA:95,1
DA:98,25
DA:99,0
DA:103,25
DA:104,0
DA:105,0
DA:106,0
DA:107,0
DA:114,25
DA:129,1
DA:140,1
DA:151,1
DA:155,1
DA:159,1
DA:162,1
DA:171,1
DA:180,1
LF:36
LH:28
BRDA:59,0,0,0
BRDA:59,0,1,0
BRDA:69,1,0,4
BRDA:69,1,1,1
BRF:4
BRH:2
end_of_record
TN:
SF:/Users/jeremy/Desktop/RocketWatcher/screens/Components/NewsList.js
FN:7,(anonymous_0)
FN:22,(anonymous_1)
FN:24,(anonymous_2)
FN:28,(anonymous_3)
FN:31,(anonymous_4)
FN:41,(anonymous_5)
FN:58,(anonymous_6)
FN:66,(anonymous_7)
FN:90,(anonymous_8)
FN:94,(anonymous_9)
FN:98,(anonymous_10)
FNF:11
FNH:10
FNDA:5,(anonymous_0)
FNDA:25,(anonymous_1)
FNDA:1,(anonymous_2)
FNDA:1,(anonymous_3)
FNDA:1,(anonymous_4)
FNDA:25,(anonymous_5)
FNDA:0,(anonymous_6)
FNDA:5,(anonymous_7)
FNDA:25,(anonymous_8)
FNDA:1,(anonymous_9)
FNDA:25,(anonymous_10)
DA:8,5
DA:9,5
DA:22,25
DA:24,5
DA:25,1
DA:28,5
DA:31,5
DA:32,1
DA:36,1
DA:41,5
DA:42,25
DA:43,25
DA:44,25
DA:45,25
DA:47,25
DA:59,0
DA:60,0
DA:67,5
DA:91,25
DA:94,25
DA:95,1
DA:99,25
DA:114,1
DA:125,1
DA:130,1
DA:133,1
DA:145,1
LF:27
LH:25
BRDA:45,0,0,25
BRDA:45,0,1,0
BRDA:59,1,0,0
BRDA:59,1,1,0
BRDA:69,2,0,4
BRDA:69,2,1,1
BRF:6
BRH:3
end_of_record
